SampleLogin/app/build/intermediates/manifest_merge_blame_file/debug/manifest-merger-blame-debug-report.txt
1<?xml version="1.0" encoding="utf-8"?>
2<manifest xmlns:android="http://schemas.android.com/apk/res/android"
3    package="org.techtown.samplelogin"
4    android:versionCode="1"
5    android:versionName="1.0" >
6
7    <uses-sdk
8        android:minSdkVersion="16"
8-->src\main\AndroidManifest.xml
9        android:targetSdkVersion="28" />
9-->src\main\AndroidManifest.xml
10
11    <uses-permission android:name="android.permission.INTERNET" />
11-->src\main\AndroidManifest.xml:5:5-67
11-->src\main\AndroidManifest.xml:5:22-64
12    <uses-permission android:name="android.permission.ACCESS_NETWORK_STATE" />
12-->[com.google.android.gms:play-services-measurement-api:17.0.1] AndroidManifest.xml:23:5-79
12-->[com.google.android.gms:play-services-measurement-api:17.0.1] AndroidManifest.xml:23:22-76
13    <uses-permission android:name="android.permission.WAKE_LOCK" /> <!-- Required by older versions of Google Play services to create IID tokens -->
13-->[com.google.android.gms:play-services-measurement-api:17.0.1] AndroidManifest.xml:24:5-68
13-->[com.google.android.gms:play-services-measurement-api:17.0.1] AndroidManifest.xml:24:22-65
14    <uses-permission android:name="com.google.android.c2dm.permission.RECEIVE" />
14-->[com.google.firebase:firebase-iid:19.0.0] AndroidManifest.xml:26:5-82
14-->[com.google.firebase:firebase-iid:19.0.0] AndroidManifest.xml:26:22-79
15    <uses-permission android:name="com.google.android.finsky.permission.BIND_GET_INSTALL_REFERRER_SERVICE" />
15-->[com.google.android.gms:play-services-measurement:17.0.1] AndroidManifest.xml:26:5-110
15-->[com.google.android.gms:play-services-measurement:17.0.1] AndroidManifest.xml:26:22-107
16
17    <application
17-->src\main\AndroidManifest.xml:7:5-21:19
18        android:allowBackup="true"
18-->src\main\AndroidManifest.xml:8:9-35
19        android:appComponentFactory="androidx.core.app.CoreComponentFactory"
19-->[androidx.core:core:1.0.1] AndroidManifest.xml:22:18-86
20        android:debuggable="true"
21        android:icon="@mipmap/ic_launcher"
21-->src\main\AndroidManifest.xml:9:9-43
22        android:label="@string/app_name"
22-->src\main\AndroidManifest.xml:10:9-41
23        android:roundIcon="@mipmap/ic_launcher_round"
23-->src\main\AndroidManifest.xml:11:9-54
24        android:supportsRtl="true"
24-->src\main\AndroidManifest.xml:12:9-35
25        android:theme="@style/AppTheme" >
25-->src\main\AndroidManifest.xml:13:9-40
26        <activity android:name="org.techtown.samplelogin.MainActivity" >
26-->src\main\AndroidManifest.xml:14:9-20:20
26-->src\main\AndroidManifest.xml:14:19-47
27            <intent-filter>
27-->src\main\AndroidManifest.xml:15:13-19:29
28                <action android:name="android.intent.action.MAIN" />
28-->src\main\AndroidManifest.xml:16:17-69
28-->src\main\AndroidManifest.xml:16:25-66
29
30                <category android:name="android.intent.category.LAUNCHER" />
30-->src\main\AndroidManifest.xml:18:17-77
30-->src\main\AndroidManifest.xml:18:27-74
31            </intent-filter>
32        </activity>
33        <activity
33-->[com.google.firebase:firebase-auth:18.0.0] AndroidManifest.xml:24:9-31:50
34            android:name="com.google.firebase.auth.internal.FederatedSignInActivity"
34-->[com.google.firebase:firebase-auth:18.0.0] AndroidManifest.xml:25:13-85
35            android:excludeFromRecents="true"
35-->[com.google.firebase:firebase-auth:18.0.0] AndroidManifest.xml:26:13-46
36            android:exported="true"
36-->[com.google.firebase:firebase-auth:18.0.0] AndroidManifest.xml:27:13-36
37            android:launchMode="singleTask"
37-->[com.google.firebase:firebase-auth:18.0.0] AndroidManifest.xml:28:13-44
38            android:permission="com.google.firebase.auth.api.gms.permission.LAUNCH_FEDERATED_SIGN_IN"
38-->[com.google.firebase:firebase-auth:18.0.0] AndroidManifest.xml:29:13-102
39            android:theme="@android:style/Theme.Translucent.NoTitleBar" />
39-->[com.google.firebase:firebase-auth:18.0.0] AndroidManifest.xml:30:13-72
40
41        <service
41-->[com.google.firebase:firebase-auth:18.0.0] AndroidManifest.xml:33:9-39:19
42            android:name="com.google.firebase.components.ComponentDiscoveryService"
42-->[com.google.firebase:firebase-auth:18.0.0] AndroidManifest.xml:34:13-84
43            android:exported="false" >
43-->[com.google.firebase:firebase-auth:18.0.0] AndroidManifest.xml:35:13-37
44            <meta-data
44-->[com.google.firebase:firebase-auth:18.0.0] AndroidManifest.xml:36:13-38:85
45                android:name="com.google.firebase.components:com.google.firebase.auth.FirebaseAuthRegistrar"
45-->[com.google.firebase:firebase-auth:18.0.0] AndroidManifest.xml:37:17-109
46                android:value="com.google.firebase.components.ComponentRegistrar" />
46-->[com.google.firebase:firebase-auth:18.0.0] AndroidManifest.xml:38:17-82
47            <meta-data
47-->[com.google.android.gms:play-services-measurement-api:17.0.1] AndroidManifest.xml:30:13-32:85
48                android:name="com.google.firebase.components:com.google.firebase.analytics.connector.internal.AnalyticsConnectorRegistrar"
48-->[com.google.android.gms:play-services-measurement-api:17.0.1] AndroidManifest.xml:31:17-139
49                android:value="com.google.firebase.components.ComponentRegistrar" />
49-->[com.google.android.gms:play-services-measurement-api:17.0.1] AndroidManifest.xml:32:17-82
50            <meta-data
50-->[com.google.firebase:firebase-iid:19.0.0] AndroidManifest.xml:32:13-34:85
51                android:name="com.google.firebase.components:com.google.firebase.iid.Registrar"
51-->[com.google.firebase:firebase-iid:19.0.0] AndroidManifest.xml:33:17-96
52                android:value="com.google.firebase.components.ComponentRegistrar" />
52-->[com.google.firebase:firebase-iid:19.0.0] AndroidManifest.xml:34:17-82
53        </service>
54
55        <activity
55-->[com.google.android.gms:play-services-auth:17.0.0] AndroidManifest.xml:23:9-27:75
56            android:name="com.google.android.gms.auth.api.signin.internal.SignInHubActivity"
56-->[com.google.android.gms:play-services-auth:17.0.0] AndroidManifest.xml:24:13-93
57            android:excludeFromRecents="true"
57-->[com.google.android.gms:play-services-auth:17.0.0] AndroidManifest.xml:25:13-46
58            android:exported="false"
58-->[com.google.android.gms:play-services-auth:17.0.0] AndroidManifest.xml:26:13-37
59            android:theme="@android:style/Theme.Translucent.NoTitleBar" />
59-->[com.google.android.gms:play-services-auth:17.0.0] AndroidManifest.xml:27:13-72
60        <!--
61            Service handling Google Sign-In user revocation. For apps that do not integrate with
62            Google Sign-In, this service will never be started.
63        -->
64        <service
64-->[com.google.android.gms:play-services-auth:17.0.0] AndroidManifest.xml:33:9-36:110
65            android:name="com.google.android.gms.auth.api.signin.RevocationBoundService"
65-->[com.google.android.gms:play-services-auth:17.0.0] AndroidManifest.xml:34:13-89
66            android:exported="true"
66-->[com.google.android.gms:play-services-auth:17.0.0] AndroidManifest.xml:35:13-36
67            android:permission="com.google.android.gms.auth.api.signin.permission.REVOCATION_NOTIFICATION" />
67-->[com.google.android.gms:play-services-auth:17.0.0] AndroidManifest.xml:36:13-107
68
69        <receiver
69-->[com.google.firebase:firebase-iid:19.0.0] AndroidManifest.xml:37:9-44:20
70            android:name="com.google.firebase.iid.FirebaseInstanceIdReceiver"
70-->[com.google.firebase:firebase-iid:19.0.0] AndroidManifest.xml:38:13-78
71            android:exported="true"
71-->[com.google.firebase:firebase-iid:19.0.0] AndroidManifest.xml:39:13-36
72            android:permission="com.google.android.c2dm.permission.SEND" >
72-->[com.google.firebase:firebase-iid:19.0.0] AndroidManifest.xml:40:13-73
73            <intent-filter>
73-->[com.google.firebase:firebase-iid:19.0.0] AndroidManifest.xml:41:13-43:29
74                <action android:name="com.google.android.c2dm.intent.RECEIVE" />
74-->[com.google.firebase:firebase-iid:19.0.0] AndroidManifest.xml:42:17-81
74-->[com.google.firebase:firebase-iid:19.0.0] AndroidManifest.xml:42:25-78
75            </intent-filter>
76        </receiver>
77
78        <activity
78-->[com.google.android.gms:play-services-base:17.0.0] AndroidManifest.xml:23:9-26:75
79            android:name="com.google.android.gms.common.api.GoogleApiActivity"
79-->[com.google.android.gms:play-services-base:17.0.0] AndroidManifest.xml:24:13-79
80            android:exported="false"
80-->[com.google.android.gms:play-services-base:17.0.0] AndroidManifest.xml:25:13-37
81            android:theme="@android:style/Theme.Translucent.NoTitleBar" />
81-->[com.google.android.gms:play-services-base:17.0.0] AndroidManifest.xml:26:13-72
82
83        <receiver
83-->[com.google.android.gms:play-services-measurement:17.0.1] AndroidManifest.xml:29:9-33:20
84            android:name="com.google.android.gms.measurement.AppMeasurementReceiver"
84-->[com.google.android.gms:play-services-measurement:17.0.1] AndroidManifest.xml:30:13-85
85            android:enabled="true"
85-->[com.google.android.gms:play-services-measurement:17.0.1] AndroidManifest.xml:31:13-35
86            android:exported="false" >
86-->[com.google.android.gms:play-services-measurement:17.0.1] AndroidManifest.xml:32:13-37
87        </receiver>
88        <receiver
88-->[com.google.android.gms:play-services-measurement:17.0.1] AndroidManifest.xml:34:9-42:20
89            android:name="com.google.android.gms.measurement.AppMeasurementInstallReferrerReceiver"
89-->[com.google.android.gms:play-services-measurement:17.0.1] AndroidManifest.xml:35:13-100
90            android:enabled="true"
90-->[com.google.android.gms:play-services-measurement:17.0.1] AndroidManifest.xml:36:13-35
91            android:exported="true"
91-->[com.google.android.gms:play-services-measurement:17.0.1] AndroidManifest.xml:37:13-36
92            android:permission="android.permission.INSTALL_PACKAGES" >
92-->[com.google.android.gms:play-services-measurement:17.0.1] AndroidManifest.xml:38:13-69
93            <intent-filter>
93-->[com.google.android.gms:play-services-measurement:17.0.1] AndroidManifest.xml:39:13-41:29
94                <action android:name="com.android.vending.INSTALL_REFERRER" />
94-->[com.google.android.gms:play-services-measurement:17.0.1] AndroidManifest.xml:40:17-79
94-->[com.google.android.gms:play-services-measurement:17.0.1] AndroidManifest.xml:40:25-76
95            </intent-filter>
96        </receiver>
97
98        <service
98-->[com.google.android.gms:play-services-measurement:17.0.1] AndroidManifest.xml:44:9-47:40
99            android:name="com.google.android.gms.measurement.AppMeasurementService"
99-->[com.google.android.gms:play-services-measurement:17.0.1] AndroidManifest.xml:45:13-84
100            android:enabled="true"
100-->[com.google.android.gms:play-services-measurement:17.0.1] AndroidManifest.xml:46:13-35
101            android:exported="false" />
101-->[com.google.android.gms:play-services-measurement:17.0.1] AndroidManifest.xml:47:13-37
102        <service
102-->[com.google.android.gms:play-services-measurement:17.0.1] AndroidManifest.xml:48:9-52:72
103            android:name="com.google.android.gms.measurement.AppMeasurementJobService"
103-->[com.google.android.gms:play-services-measurement:17.0.1] AndroidManifest.xml:49:13-87
104            android:enabled="true"
104-->[com.google.android.gms:play-services-measurement:17.0.1] AndroidManifest.xml:50:13-35
105            android:exported="false"
105-->[com.google.android.gms:play-services-measurement:17.0.1] AndroidManifest.xml:51:13-37
106            android:permission="android.permission.BIND_JOB_SERVICE" />
106-->[com.google.android.gms:play-services-measurement:17.0.1] AndroidManifest.xml:52:13-69
107
108        <provider
108-->[com.google.firebase:firebase-common:18.0.0] AndroidManifest.xml:12:9-16:39
109            android:name="com.google.firebase.provider.FirebaseInitProvider"
109-->[com.google.firebase:firebase-common:18.0.0] AndroidManifest.xml:13:13-77
110            android:authorities="org.techtown.samplelogin.firebaseinitprovider"
110-->[com.google.firebase:firebase-common:18.0.0] AndroidManifest.xml:14:13-72
111            android:exported="false"
111-->[com.google.firebase:firebase-common:18.0.0] AndroidManifest.xml:15:13-37
112            android:initOrder="100" />
112-->[com.google.firebase:firebase-common:18.0.0] AndroidManifest.xml:16:13-36
113
114        <meta-data
114-->[com.google.android.gms:play-services-basement:17.0.0] AndroidManifest.xml:23:9-25:69
115            android:name="com.google.android.gms.version"
115-->[com.google.android.gms:play-services-basement:17.0.0] AndroidManifest.xml:24:13-58
116            android:value="@integer/google_play_services_version" />
116-->[com.google.android.gms:play-services-basement:17.0.0] AndroidManifest.xml:25:13-66
117    </application>
118
119</manifest>